Command: /usr/bin/python main.py --dataset bridge --gpu_id 0
Start  : 2026-05-20 13:08:01.867128
======================================================================
main.py --dataset bridge --gpu_id 0                                                       | 3.31s 
--------------------------------------------------                                        | 3.31s 
                                                                                          | 3.31s 
Seed set. 1234                                                                            | 3.32s 
[Global] Dataset <bridge> Overview
	 Num Edges 9548722
	 Num Features     24
	Entire (fraud/total)   5989 / 46547 
	Train  (fraud/total)   3593 / 27928 
	Valid  (fraud/total)   1198 / 9309  
	Test   (fraud/total)   1198 / 9310  

**************** MODEL CONFIGURATION ****************
add_self_loop            -->   False
agg                      -->   mean
batch_size               -->   512
best_model_path          -->   checkpoints/
data_dir                 -->   datasets/
dataset                  -->   bridge
dataset_seed             -->   717
dropout                  -->   0.2
epochs                   -->   120
eval_interval            -->   1
flush_seconds            -->   60
focal_gamma              -->   2.0
focal_loss               -->   True
force_reload             -->   False
full_neighbors           -->   True
gpu_id                   -->   0
hid_dim                  -->   40
homo                     -->   False
hyper_file               -->   config/
log_dir                  -->   logs/
lr                       -->   0.01
lr_scheduler             -->   False
model                    -->   LA-SAGE-S
model_name               -->   LA-SAGE-S
monitor                  -->   ap_gnn
multirun                 -->   1
n_layer                  -->   1
no_dev                   -->   False
norm_feat                -->   False
num_trans                -->   1
num_workers              -->   8
optimizer                -->   Adam
patience                 -->   25
proj                     -->   True
ranking_alpha            -->   0.5
ranking_margin           -->   1.0
reduction                -->   mean
relation_agg             -->   cat
resi                     -->   0.2
run_best                 -->   False
sampled_neighbors        -->   [-1, -1, -1]
sampling_type            -->   in
seed                     -->   1234
test_each_epoch          -->   False
thres                    -->   0.5
threshold_moving         -->   True
train_size               -->   0.6
val_size                 -->   0.2
weight_decay             -->   0.001
weighted_loss            -->   False
**************** MODEL CONFIGURATION ****************
--------------------------------------------------                                        | 3.51s 
		0 th Run                                                                                  | 3.51s 
--------------------------------------------------                                        | 3.51s 

  0%|          | 0/120 [00:00<?, ?it/s]
                                       
[Epoch 0] Loss 1.0443 | Trn ap_gnn 0.4353 | Dev ap_gnn 0.4196 | Best [E0] AUC 0.8029 GMean 0.7204 F1Ma 0.5893 AP 0.4196 RecMa 0.7219
         └ cls=0.1086  rank=0.5146  rank_term=0.2573

  0%|          | 0/120 [00:31<?, ?it/s]
  1%|          | 1/120 [00:31<1:02:15, 31.39s/it]
                                                 
[Epoch 1] Loss 0.3147 | Trn ap_gnn 0.5355 | Dev ap_gnn 0.5146 | Best [E1] AUC 0.8480 GMean 0.7630 F1Ma 0.6580 AP 0.5146 RecMa 0.7631
         └ cls=0.0824  rank=0.4740  rank_term=0.2370

  1%|          | 1/120 [01:02<1:02:15, 31.39s/it]
  2%|▏         | 2/120 [01:02<1:00:53, 30.96s/it]
                                                 
[Epoch 2] Loss 0.2646 | Trn ap_gnn 0.6126 | Dev ap_gnn 0.5907 | Best [E2] AUC 0.8773 GMean 0.7861 F1Ma 0.6871 AP 0.5907 RecMa 0.7864
         └ cls=0.0693  rank=0.2953  rank_term=0.1476

  2%|▏         | 2/120 [01:32<1:00:53, 30.96s/it]
  2%|▎         | 3/120 [01:32<59:58, 30.76s/it]  
                                               
[Epoch 3] Loss 0.2318 | Trn ap_gnn 0.6497 | Dev ap_gnn 0.6306 | Best [E3] AUC 0.8924 GMean 0.8049 F1Ma 0.6881 AP 0.6306 RecMa 0.8051
         └ cls=0.0728  rank=0.3111  rank_term=0.1556

  2%|▎         | 3/120 [02:03<59:58, 30.76s/it]
  3%|▎         | 4/120 [02:03<59:54, 30.99s/it]
                                               
[Epoch 4] Loss 0.2105 | Trn ap_gnn 0.6588 | Dev ap_gnn 0.6369 | Best [E4] AUC 0.8966 GMean 0.7852 F1Ma 0.7324 AP 0.6369 RecMa 0.7898
         └ cls=0.0678  rank=0.2742  rank_term=0.1371

  3%|▎         | 4/120 [02:35<59:54, 30.99s/it]
  4%|▍         | 5/120 [02:35<59:31, 31.06s/it]
                                               
[Epoch 5] Loss 0.2065 | Trn ap_gnn 0.6681 | Dev ap_gnn 0.6443 | Best [E5] AUC 0.9004 GMean 0.8052 F1Ma 0.7203 AP 0.6443 RecMa 0.8060
         └ cls=0.0782  rank=0.2731  rank_term=0.1365

  4%|▍         | 5/120 [03:05<59:31, 31.06s/it]
  5%|▌         | 6/120 [03:05<58:52, 30.99s/it]
                                               
[Epoch 6] Loss 0.2100 | Trn ap_gnn 0.6690 | Dev ap_gnn 0.6485 | Best [E6] AUC 0.8945 GMean 0.8022 F1Ma 0.7048 AP 0.6485 RecMa 0.8025
         └ cls=0.0708  rank=0.2938  rank_term=0.1469

  5%|▌         | 6/120 [03:37<58:52, 30.99s/it]
  6%|▌         | 7/120 [03:37<58:26, 31.03s/it]
                                               
[Epoch 7] Loss 0.2010 | Trn ap_gnn 0.6788 | Dev ap_gnn 0.6631 | Best [E7] AUC 0.9010 GMean 0.7961 F1Ma 0.7367 AP 0.6631 RecMa 0.7994
         └ cls=0.0730  rank=0.3128  rank_term=0.1564

  6%|▌         | 7/120 [04:08<58:26, 31.03s/it]
  7%|▋         | 8/120 [04:08<58:04, 31.11s/it]
                                               
[Epoch 8] Loss 0.1901 | Trn ap_gnn 0.6853 | Dev ap_gnn 0.6621 | Best [E7] AUC 0.9010 GMean 0.7961 F1Ma 0.7367 AP 0.6631 RecMa 0.7994
         └ cls=0.0622  rank=0.2602  rank_term=0.1301

  7%|▋         | 8/120 [04:38<58:04, 31.11s/it]
  8%|▊         | 9/120 [04:38<57:11, 30.92s/it]
                                               
[Epoch 9] Loss 0.1897 | Trn ap_gnn 0.6856 | Dev ap_gnn 0.6614 | Best [E7] AUC 0.9010 GMean 0.7961 F1Ma 0.7367 AP 0.6631 RecMa 0.7994
         └ cls=0.0585  rank=0.2551  rank_term=0.1275

  8%|▊         | 9/120 [05:09<57:11, 30.92s/it]
  8%|▊         | 10/120 [05:09<56:36, 30.87s/it]
                                                
[Epoch 10] Loss 0.1877 | Trn ap_gnn 0.6972 | Dev ap_gnn 0.6760 | Best [E10] AUC 0.9034 GMean 0.7232 F1Ma 0.7665 AP 0.6760 RecMa 0.7510
         └ cls=0.0760  rank=0.3314  rank_term=0.1657

  8%|▊         | 10/120 [05:40<56:36, 30.87s/it]
  9%|▉         | 11/120 [05:40<56:08, 30.90s/it]
                                                
[Epoch 11] Loss 0.1889 | Trn ap_gnn 0.6970 | Dev ap_gnn 0.6706 | Best [E10] AUC 0.9034 GMean 0.7232 F1Ma 0.7665 AP 0.6760 RecMa 0.7510
         └ cls=0.0784  rank=0.3524  rank_term=0.1762

  9%|▉         | 11/120 [06:11<56:08, 30.90s/it]
 10%|█         | 12/120 [06:11<55:38, 30.91s/it]
                                                
[Epoch 12] Loss 0.1854 | Trn ap_gnn 0.6931 | Dev ap_gnn 0.6649 | Best [E10] AUC 0.9034 GMean 0.7232 F1Ma 0.7665 AP 0.6760 RecMa 0.7510
         └ cls=0.0675  rank=0.2701  rank_term=0.1351

 10%|█         | 12/120 [06:42<55:38, 30.91s/it]
 11%|█         | 13/120 [06:42<55:00, 30.85s/it]
                                                
[Epoch 13] Loss 0.1853 | Trn ap_gnn 0.6913 | Dev ap_gnn 0.6696 | Best [E10] AUC 0.9034 GMean 0.7232 F1Ma 0.7665 AP 0.6760 RecMa 0.7510
         └ cls=0.0596  rank=0.1865  rank_term=0.0933

 11%|█         | 13/120 [07:13<55:00, 30.85s/it]
 12%|█▏        | 14/120 [07:13<54:34, 30.89s/it]
                                                
[Epoch 14] Loss 0.1840 | Trn ap_gnn 0.7003 | Dev ap_gnn 0.6698 | Best [E10] AUC 0.9034 GMean 0.7232 F1Ma 0.7665 AP 0.6760 RecMa 0.7510
         └ cls=0.0667  rank=0.2942  rank_term=0.1471

 12%|█▏        | 14/120 [07:43<54:34, 30.89s/it]
 12%|█▎        | 15/120 [07:43<53:56, 30.83s/it]
                                                
[Epoch 15] Loss 0.1878 | Trn ap_gnn 0.6884 | Dev ap_gnn 0.6621 | Best [E10] AUC 0.9034 GMean 0.7232 F1Ma 0.7665 AP 0.6760 RecMa 0.7510
         └ cls=0.0660  rank=0.2391  rank_term=0.1196

 12%|█▎        | 15/120 [08:14<53:56, 30.83s/it]
 13%|█▎        | 16/120 [08:14<53:20, 30.78s/it]
                                                
[Epoch 16] Loss 0.1873 | Trn ap_gnn 0.6954 | Dev ap_gnn 0.6675 | Best [E10] AUC 0.9034 GMean 0.7232 F1Ma 0.7665 AP 0.6760 RecMa 0.7510
         └ cls=0.0586  rank=0.1864  rank_term=0.0932

 13%|█▎        | 16/120 [08:45<53:20, 30.78s/it]
 14%|█▍        | 17/120 [08:45<52:49, 30.77s/it]
                                                
[Epoch 17] Loss 0.1903 | Trn ap_gnn 0.6888 | Dev ap_gnn 0.6634 | Best [E10] AUC 0.9034 GMean 0.7232 F1Ma 0.7665 AP 0.6760 RecMa 0.7510
         └ cls=0.0566  rank=0.2004  rank_term=0.1002

 14%|█▍        | 17/120 [09:15<52:49, 30.77s/it]
 15%|█▌        | 18/120 [09:15<52:15, 30.74s/it]
                                                
[Epoch 18] Loss 0.1882 | Trn ap_gnn 0.6931 | Dev ap_gnn 0.6660 | Best [E10] AUC 0.9034 GMean 0.7232 F1Ma 0.7665 AP 0.6760 RecMa 0.7510
         └ cls=0.0659  rank=0.2723  rank_term=0.1361

 15%|█▌        | 18/120 [09:46<52:15, 30.74s/it]
 16%|█▌        | 19/120 [09:46<51:49, 30.78s/it]
                                                
[Epoch 19] Loss 0.1826 | Trn ap_gnn 0.6882 | Dev ap_gnn 0.6431 | Best [E10] AUC 0.9034 GMean 0.7232 F1Ma 0.7665 AP 0.6760 RecMa 0.7510
         └ cls=0.0565  rank=0.2345  rank_term=0.1173

 16%|█▌        | 19/120 [10:17<51:49, 30.78s/it]
 17%|█▋        | 20/120 [10:17<51:21, 30.81s/it]
                                                
[Epoch 20] Loss 0.1801 | Trn ap_gnn 0.7045 | Dev ap_gnn 0.6732 | Best [E10] AUC 0.9034 GMean 0.7232 F1Ma 0.7665 AP 0.6760 RecMa 0.7510
         └ cls=0.0572  rank=0.2717  rank_term=0.1359

 17%|█▋        | 20/120 [10:48<51:21, 30.81s/it]
 18%|█▊        | 21/120 [10:48<50:58, 30.90s/it]
                                                
[Epoch 21] Loss 0.1890 | Trn ap_gnn 0.6957 | Dev ap_gnn 0.6567 | Best [E10] AUC 0.9034 GMean 0.7232 F1Ma 0.7665 AP 0.6760 RecMa 0.7510
         └ cls=0.0571  rank=0.2164  rank_term=0.1082

 18%|█▊        | 21/120 [11:19<50:58, 30.90s/it]
 18%|█▊        | 22/120 [11:19<50:30, 30.93s/it]
                                                
[Epoch 22] Loss 0.1847 | Trn ap_gnn 0.7061 | Dev ap_gnn 0.6762 | Best [E22] AUC 0.9046 GMean 0.7624 F1Ma 0.7599 AP 0.6762 RecMa 0.7764
         └ cls=0.0604  rank=0.2409  rank_term=0.1204

 18%|█▊        | 22/120 [11:50<50:30, 30.93s/it]
 19%|█▉        | 23/120 [11:50<49:54, 30.88s/it]
                                                
[Epoch 23] Loss 0.1910 | Trn ap_gnn 0.6970 | Dev ap_gnn 0.6621 | Best [E22] AUC 0.9046 GMean 0.7624 F1Ma 0.7599 AP 0.6762 RecMa 0.7764
         └ cls=0.0635  rank=0.2770  rank_term=0.1385

 19%|█▉        | 23/120 [12:21<49:54, 30.88s/it]
 20%|██        | 24/120 [12:21<49:30, 30.94s/it]
                                                
[Epoch 24] Loss 0.1859 | Trn ap_gnn 0.6808 | Dev ap_gnn 0.6404 | Best [E22] AUC 0.9046 GMean 0.7624 F1Ma 0.7599 AP 0.6762 RecMa 0.7764
         └ cls=0.0609  rank=0.2313  rank_term=0.1156

 20%|██        | 24/120 [12:52<49:30, 30.94s/it]
 21%|██        | 25/120 [12:52<49:04, 31.00s/it]
                                                
[Epoch 25] Loss 0.1874 | Trn ap_gnn 0.7074 | Dev ap_gnn 0.6780 | Best [E25] AUC 0.9063 GMean 0.7813 F1Ma 0.7506 AP 0.6780 RecMa 0.7892
         └ cls=0.0614  rank=0.2988  rank_term=0.1494

 21%|██        | 25/120 [13:23<49:04, 31.00s/it]
 22%|██▏       | 26/120 [13:23<48:35, 31.01s/it]
                                                
[Epoch 26] Loss 0.1840 | Trn ap_gnn 0.7006 | Dev ap_gnn 0.6623 | Best [E25] AUC 0.9063 GMean 0.7813 F1Ma 0.7506 AP 0.6780 RecMa 0.7892
         └ cls=0.0586  rank=0.2326  rank_term=0.1163

 22%|██▏       | 26/120 [13:54<48:35, 31.01s/it]
 22%|██▎       | 27/120 [13:54<48:05, 31.02s/it]
                                                
[Epoch 27] Loss 0.1872 | Trn ap_gnn 0.7036 | Dev ap_gnn 0.6671 | Best [E25] AUC 0.9063 GMean 0.7813 F1Ma 0.7506 AP 0.6780 RecMa 0.7892
         └ cls=0.0562  rank=0.2037  rank_term=0.1019

 22%|██▎       | 27/120 [14:25<48:05, 31.02s/it]
 23%|██▎       | 28/120 [14:25<47:26, 30.94s/it]
                                                
[Epoch 28] Loss 0.1811 | Trn ap_gnn 0.7041 | Dev ap_gnn 0.6685 | Best [E25] AUC 0.9063 GMean 0.7813 F1Ma 0.7506 AP 0.6780 RecMa 0.7892
         └ cls=0.0586  rank=0.2840  rank_term=0.1420

 23%|██▎       | 28/120 [14:56<47:26, 30.94s/it]
 24%|██▍       | 29/120 [14:56<46:50, 30.88s/it]
                                                
[Epoch 29] Loss 0.1823 | Trn ap_gnn 0.6952 | Dev ap_gnn 0.6524 | Best [E25] AUC 0.9063 GMean 0.7813 F1Ma 0.7506 AP 0.6780 RecMa 0.7892
         └ cls=0.0608  rank=0.1979  rank_term=0.0990

 24%|██▍       | 29/120 [15:27<46:50, 30.88s/it]
 25%|██▌       | 30/120 [15:27<46:27, 30.97s/it]
                                                
[Epoch 30] Loss 0.1821 | Trn ap_gnn 0.7017 | Dev ap_gnn 0.6718 | Best [E25] AUC 0.9063 GMean 0.7813 F1Ma 0.7506 AP 0.6780 RecMa 0.7892
         └ cls=0.0863  rank=0.2649  rank_term=0.1325

 25%|██▌       | 30/120 [15:58<46:27, 30.97s/it]
 26%|██▌       | 31/120 [15:58<45:55, 30.96s/it]
                                                
[Epoch 31] Loss 0.1857 | Trn ap_gnn 0.7020 | Dev ap_gnn 0.6680 | Best [E25] AUC 0.9063 GMean 0.7813 F1Ma 0.7506 AP 0.6780 RecMa 0.7892
         └ cls=0.0596  rank=0.2346  rank_term=0.1173

 26%|██▌       | 31/120 [16:29<45:55, 30.96s/it]
 27%|██▋       | 32/120 [16:29<45:28, 31.00s/it]
                                                
[Epoch 32] Loss 0.1885 | Trn ap_gnn 0.7052 | Dev ap_gnn 0.6757 | Best [E25] AUC 0.9063 GMean 0.7813 F1Ma 0.7506 AP 0.6780 RecMa 0.7892
         └ cls=0.0536  rank=0.1992  rank_term=0.0996

 27%|██▋       | 32/120 [17:00<45:28, 31.00s/it]
 28%|██▊       | 33/120 [17:00<44:58, 31.02s/it]
                                                
[Epoch 33] Loss 0.1813 | Trn ap_gnn 0.7005 | Dev ap_gnn 0.6681 | Best [E25] AUC 0.9063 GMean 0.7813 F1Ma 0.7506 AP 0.6780 RecMa 0.7892
         └ cls=0.0728  rank=0.2627  rank_term=0.1314

 28%|██▊       | 33/120 [17:31<44:58, 31.02s/it]
 28%|██▊       | 34/120 [17:31<44:14, 30.87s/it]
                                                
[Epoch 34] Loss 0.1920 | Trn ap_gnn 0.6858 | Dev ap_gnn 0.6514 | Best [E25] AUC 0.9063 GMean 0.7813 F1Ma 0.7506 AP 0.6780 RecMa 0.7892
         └ cls=0.0522  rank=0.1946  rank_term=0.0973

 28%|██▊       | 34/120 [18:02<44:14, 30.87s/it]
 29%|██▉       | 35/120 [18:02<43:44, 30.87s/it]
                                                
[Epoch 35] Loss 0.2044 | Trn ap_gnn 0.6965 | Dev ap_gnn 0.6722 | Best [E25] AUC 0.9063 GMean 0.7813 F1Ma 0.7506 AP 0.6780 RecMa 0.7892
         └ cls=0.0567  rank=0.2190  rank_term=0.1095

 29%|██▉       | 35/120 [18:32<43:44, 30.87s/it]
 30%|███       | 36/120 [18:32<43:08, 30.81s/it]
                                                
[Epoch 36] Loss 0.2016 | Trn ap_gnn 0.6938 | Dev ap_gnn 0.6720 | Best [E25] AUC 0.9063 GMean 0.7813 F1Ma 0.7506 AP 0.6780 RecMa 0.7892
         └ cls=0.0759  rank=0.2824  rank_term=0.1412

 30%|███       | 36/120 [19:03<43:08, 30.81s/it]
 31%|███       | 37/120 [19:03<42:40, 30.85s/it]
                                                
[Epoch 37] Loss 0.2244 | Trn ap_gnn 0.6706 | Dev ap_gnn 0.6343 | Best [E25] AUC 0.9063 GMean 0.7813 F1Ma 0.7506 AP 0.6780 RecMa 0.7892
         └ cls=0.0930  rank=0.2942  rank_term=0.1471

 31%|███       | 37/120 [19:35<42:40, 30.85s/it]
 32%|███▏      | 38/120 [19:35<42:23, 31.02s/it]
                                                
[Epoch 38] Loss 0.2488 | Trn ap_gnn 0.6550 | Dev ap_gnn 0.6234 | Best [E25] AUC 0.9063 GMean 0.7813 F1Ma 0.7506 AP 0.6780 RecMa 0.7892
         └ cls=0.0962  rank=0.2786  rank_term=0.1393

 32%|███▏      | 38/120 [20:06<42:23, 31.02s/it]
 32%|███▎      | 39/120 [20:06<41:54, 31.04s/it]
                                                
[Epoch 39] Loss 0.2458 | Trn ap_gnn 0.6696 | Dev ap_gnn 0.6408 | Best [E25] AUC 0.9063 GMean 0.7813 F1Ma 0.7506 AP 0.6780 RecMa 0.7892
         └ cls=0.0704  rank=0.2808  rank_term=0.1404

 32%|███▎      | 39/120 [20:37<41:54, 31.04s/it]
 33%|███▎      | 40/120 [20:37<41:19, 30.99s/it]
                                                
[Epoch 40] Loss 0.2463 | Trn ap_gnn 0.6002 | Dev ap_gnn 0.5684 | Best [E25] AUC 0.9063 GMean 0.7813 F1Ma 0.7506 AP 0.6780 RecMa 0.7892
         └ cls=0.3589  rank=0.4065  rank_term=0.2032

 33%|███▎      | 40/120 [21:07<41:19, 30.99s/it]
 34%|███▍      | 41/120 [21:07<40:43, 30.93s/it]
                                                
[Epoch 41] Loss 0.4151 | Trn ap_gnn 0.6158 | Dev ap_gnn 0.5916 | Best [E25] AUC 0.9063 GMean 0.7813 F1Ma 0.7506 AP 0.6780 RecMa 0.7892
         └ cls=0.1185  rank=0.3919  rank_term=0.1960

 34%|███▍      | 41/120 [21:38<40:43, 30.93s/it]
 35%|███▌      | 42/120 [21:38<40:17, 30.99s/it]
                                                
[Epoch 42] Loss 0.2653 | Trn ap_gnn 0.6317 | Dev ap_gnn 0.6078 | Best [E25] AUC 0.9063 GMean 0.7813 F1Ma 0.7506 AP 0.6780 RecMa 0.7892
         └ cls=0.0965  rank=0.3282  rank_term=0.1641

 35%|███▌      | 42/120 [22:10<40:17, 30.99s/it]
 36%|███▌      | 43/120 [22:10<39:55, 31.11s/it]
                                                
[Epoch 43] Loss 0.2437 | Trn ap_gnn 0.6598 | Dev ap_gnn 0.6610 | Best [E25] AUC 0.9063 GMean 0.7813 F1Ma 0.7506 AP 0.6780 RecMa 0.7892
         └ cls=0.0668  rank=0.2822  rank_term=0.1411

 36%|███▌      | 43/120 [22:41<39:55, 31.11s/it]
 37%|███▋      | 44/120 [22:41<39:22, 31.09s/it]
                                                
[Epoch 44] Loss 0.2102 | Trn ap_gnn 0.6780 | Dev ap_gnn 0.6602 | Best [E25] AUC 0.9063 GMean 0.7813 F1Ma 0.7506 AP 0.6780 RecMa 0.7892
         └ cls=0.0794  rank=0.3848  rank_term=0.1924

 37%|███▋      | 44/120 [23:12<39:22, 31.09s/it]
 38%|███▊      | 45/120 [23:12<38:51, 31.09s/it]
                                                
[Epoch 45] Loss 0.1931 | Trn ap_gnn 0.6841 | Dev ap_gnn 0.6536 | Best [E25] AUC 0.9063 GMean 0.7813 F1Ma 0.7506 AP 0.6780 RecMa 0.7892
         └ cls=0.0730  rank=0.3720  rank_term=0.1860

 38%|███▊      | 45/120 [23:43<38:51, 31.09s/it]
 38%|███▊      | 46/120 [23:43<38:13, 31.00s/it]
                                                
[Epoch 46] Loss 0.1973 | Trn ap_gnn 0.6811 | Dev ap_gnn 0.6493 | Best [E25] AUC 0.9063 GMean 0.7813 F1Ma 0.7506 AP 0.6780 RecMa 0.7892
         └ cls=0.0700  rank=0.3118  rank_term=0.1559

 38%|███▊      | 46/120 [24:14<38:13, 31.00s/it]
 39%|███▉      | 47/120 [24:14<37:38, 30.93s/it]
                                                
[Epoch 47] Loss 0.1988 | Trn ap_gnn 0.6903 | Dev ap_gnn 0.6695 | Best [E25] AUC 0.9063 GMean 0.7813 F1Ma 0.7506 AP 0.6780 RecMa 0.7892
         └ cls=0.0555  rank=0.1751  rank_term=0.0875

 39%|███▉      | 47/120 [24:44<37:38, 30.93s/it]
 40%|████      | 48/120 [24:44<37:05, 30.91s/it]
                                                
[Epoch 48] Loss 0.1983 | Trn ap_gnn 0.6925 | Dev ap_gnn 0.6697 | Best [E25] AUC 0.9063 GMean 0.7813 F1Ma 0.7506 AP 0.6780 RecMa 0.7892
         └ cls=0.0631  rank=0.2035  rank_term=0.1017

 40%|████      | 48/120 [25:15<37:05, 30.91s/it]
 41%|████      | 49/120 [25:15<36:33, 30.89s/it]
                                                
[Epoch 49] Loss 0.1888 | Trn ap_gnn 0.7000 | Dev ap_gnn 0.6687 | Best [E25] AUC 0.9063 GMean 0.7813 F1Ma 0.7506 AP 0.6780 RecMa 0.7892
         └ cls=0.0573  rank=0.1736  rank_term=0.0868

 41%|████      | 49/120 [25:46<36:33, 30.89s/it]
 42%|████▏     | 50/120 [25:46<36:07, 30.97s/it]
 42%|████▏     | 50/120 [26:18<36:49, 31.56s/it]
best epoch is 25                                                                          | 1581.87s 
Best Epoch Valid AUC is 0.9063                                                            | 1581.87s 
best_roc_thres: 0.43137016892433167 
best_pr_thres: 0.5552968978881836
0 th Run ended. Final Train Loss is tensor(10.3113, device='cuda:0', grad_fn=<AddBackward0>)| 1587.25s 
0 th Run ended. Best Epoch Valid is {'f1_binary_1': 0.5767045454545454, 'f1_binary_0': 0.9245665105682825, 'f1_macro': 0.750635528011414, 'auc_gnn': 0.9062703445453926, 'gmean_gnn': 0.7813084386948359, 'recall_1': 0.67779632721202, 'precision_1': 0.5018541409147095, 'ap_gnn': 0.6779713836729816, 'best_roc_thres': 0.43137017, 'best_pr_thres': 0.5552969, 'recall_macro': 0.7892125514743369}| 1587.25s 
0 th Run ended. Best Epoch Test is {'f1_binary_1': 0.620718462823726, 'f1_binary_0': 0.9440404289412054, 'f1_macro': 0.7823794458824658, 'auc_gnn': 0.9059221607017613, 'gmean_gnn': 0.765223082205575, 'recall_1': 0.6202003338898163, 'precision_1': 0.6212374581939799, 'ap_gnn': 0.68775050390554, 'best_roc_thres': 0.45061645, 'best_pr_thres': 0.56212616, 'recall_macro': 0.782178569311772}| 1587.25s 
--------------------------------------------------                                        | 1587.25s 
checkpoints/val_None/LA-SAGE-S/bridge/2026-05-20_13-08-06/best_val_model_None.pth
[0.90627]
auc_gnn of Dev : [0.9063]                                                                 | 1587.26s 
auc_gnn of Dev : avg / std = 0.9063 / nan                                                 | 1587.26s 
ap_gnn of Dev : [0.678]                                                                   | 1587.26s 
ap_gnn of Dev : avg / std = 0.6780 / nan                                                  | 1587.26s 
gmean_gnn of Dev : [0.7813]                                                               | 1587.26s 
gmean_gnn of Dev : avg / std = 0.7813 / nan                                               | 1587.26s 
recall_macro of Dev : [0.7892]                                                            | 1587.26s 
recall_macro of Dev : avg / std = 0.7892 / nan                                            | 1587.26s 
f1_macro of Dev : [0.7506]                                                                | 1587.26s 
f1_macro of Dev : avg / std = 0.7506 / nan                                                | 1587.26s 
best_roc_thres of Dev : [0.4314]                                                          | 1587.26s 
best_roc_thres of Dev : avg / std = 0.4314 / nan                                          | 1587.26s 
best_pr_thres of Dev : [0.5553]                                                           | 1587.26s 
best_pr_thres of Dev : avg / std = 0.5553 / nan                                           | 1587.26s 
f1_binary_1 of Dev : [0.5767]                                                             | 1587.26s 
f1_binary_1 of Dev : avg / std = 0.5767 / nan                                             | 1587.26s 
f1_binary_0 of Dev : [0.9246]                                                             | 1587.26s 
f1_binary_0 of Dev : avg / std = 0.9246 / nan                                             | 1587.26s 
recall_1 of Dev : [0.6778]                                                                | 1587.26s 
recall_1 of Dev : avg / std = 0.6778 / nan                                                | 1587.26s 
precision_1 of Dev : [0.5018]                                                             | 1587.26s 
precision_1 of Dev : avg / std = 0.5019 / nan                                             | 1587.26s 
                                                                                          | 1587.26s 
[0.90592]
auc_gnn of Test : [0.9059]                                                                | 1587.26s 
auc_gnn of Test : avg / std = 0.9059 / nan                                                | 1587.26s 
ap_gnn of Test : [0.6878]                                                                 | 1587.26s 
ap_gnn of Test : avg / std = 0.6877 / nan                                                 | 1587.26s 
gmean_gnn of Test : [0.7652]                                                              | 1587.26s 
gmean_gnn of Test : avg / std = 0.7652 / nan                                              | 1587.26s 
recall_macro of Test : [0.7822]                                                           | 1587.26s 
recall_macro of Test : avg / std = 0.7822 / nan                                           | 1587.26s 
f1_macro of Test : [0.7824]                                                               | 1587.26s 
f1_macro of Test : avg / std = 0.7824 / nan                                               | 1587.26s 
best_roc_thres of Test : [0.4506]                                                         | 1587.26s 
best_roc_thres of Test : avg / std = 0.4506 / nan                                         | 1587.26s 
best_pr_thres of Test : [0.5621]                                                          | 1587.26s 
best_pr_thres of Test : avg / std = 0.5621 / nan                                          | 1587.26s 
f1_binary_1 of Test : [0.6207]                                                            | 1587.26s 
f1_binary_1 of Test : avg / std = 0.6207 / nan                                            | 1587.26s 
f1_binary_0 of Test : [0.944]                                                             | 1587.26s 
f1_binary_0 of Test : avg / std = 0.9440 / nan                                            | 1587.26s 
recall_1 of Test : [0.6202]                                                               | 1587.26s 
recall_1 of Test : avg / std = 0.6202 / nan                                               | 1587.26s 
precision_1 of Test : [0.6212]                                                            | 1587.26s 
precision_1 of Test : avg / std = 0.6212 / nan                                            | 1587.26s 
                                                                                          | 1587.26s 
======================================================================
End    : 2026-05-20 13:34:31.832231
Exit   : 0
